<?xml version="1.0" encoding="UTF-8"?>
<!-- Generated by org.testng.reporters.JUnitReportReporter -->
<testsuite skipped="0" hostname="DESKTOP-CUPGNBQ" name="Practice.SampleTest" tests="1" failures="0" timestamp="2023-03-04T09:59:23 IST" time="0.019" errors="0">
  <testcase name="m1" time="0.019" classname="Practice.SampleTest"/>
  <system-out/>
</testsuite> <!-- Practice.SampleTest -->
