<?xml version="1.0" encoding="UTF-8"?>
<!-- Generated by org.testng.reporters.JUnitReportReporter -->
<testsuite skipped="0" hostname="DESKTOP-CUPGNBQ" name="Practice.Sample1Test" tests="1" failures="0" timestamp="2023-03-04T12:14:57 IST" time="12.114" errors="0">
  <testcase name="Sample1Test" time="12.114" classname="Practice.Sample1Test"/>
  <system-out/>
</testsuite> <!-- Practice.Sample1Test -->
